{"C:\\Users\\SemanurGokirmak\\Desktop\\GitHub\\Offline-Messaging-UI\\src\\App.tsx": {"path":"C:\\Users\\SemanurGokirmak\\Desktop\\GitHub\\Offline-Messaging-UI\\src\\App.tsx","all":true,"statementMap":{"2":{"start":{"line":3,"column":0},"end":{"line":3,"column":46}},"4":{"start":{"line":5,"column":0},"end":{"line":5,"column":16}},"5":{"start":{"line":6,"column":0},"end":{"line":6,"column":10}},"6":{"start":{"line":7,"column":0},"end":{"line":7,"column":18}},"8":{"start":{"line":9,"column":0},"end":{"line":9,"column":1}},"10":{"start":{"line":11,"column":0},"end":{"line":11,"column":19}}},"s":{"2":0,"4":0,"5":0,"6":0,"8":0,"10":0},"branchMap":{"0":{"type":"branch","line":1,"loc":{"start":{"line":1,"column":122},"end":{"line":11,"column":-57}},"locations":[{"start":{"line":1,"column":122},"end":{"line":11,"column":-57}}]}},"b":{"0":[1]},"fnMap":{"0":{"name":"(empty-report)","decl":{"start":{"line":1,"column":122},"end":{"line":11,"column":-57}},"loc":{"start":{"line":1,"column":122},"end":{"line":11,"column":-57}},"line":1}},"f":{"0":1}}
,"C:\\Users\\SemanurGokirmak\\Desktop\\GitHub\\Offline-Messaging-UI\\src\\main.tsx": {"path":"C:\\Users\\SemanurGokirmak\\Desktop\\GitHub\\Offline-Messaging-UI\\src\\main.tsx","all":true,"statementMap":{"1":{"start":{"line":2,"column":0},"end":{"line":2,"column":26}},"2":{"start":{"line":3,"column":0},"end":{"line":3,"column":40}},"3":{"start":{"line":4,"column":0},"end":{"line":4,"column":46}},"4":{"start":{"line":5,"column":0},"end":{"line":5,"column":51}},"5":{"start":{"line":6,"column":0},"end":{"line":6,"column":24}},"6":{"start":{"line":7,"column":0},"end":{"line":7,"column":28}},"8":{"start":{"line":9,"column":0},"end":{"line":9,"column":61}},"9":{"start":{"line":10,"column":0},"end":{"line":10,"column":20}},"10":{"start":{"line":11,"column":0},"end":{"line":11,"column":11}},"11":{"start":{"line":12,"column":0},"end":{"line":12,"column":22}},"12":{"start":{"line":13,"column":0},"end":{"line":13,"column":2}}},"s":{"1":0,"2":0,"3":0,"4":0,"5":0,"6":0,"8":0,"9":0,"10":0,"11":0,"12":0},"branchMap":{"0":{"type":"branch","line":1,"loc":{"start":{"line":1,"column":335},"end":{"line":13,"column":-235}},"locations":[{"start":{"line":1,"column":335},"end":{"line":13,"column":-235}}]}},"b":{"0":[1]},"fnMap":{"0":{"name":"(empty-report)","decl":{"start":{"line":1,"column":335},"end":{"line":13,"column":-235}},"loc":{"start":{"line":1,"column":335},"end":{"line":13,"column":-235}},"line":1}},"f":{"0":1}}
,"C:\\Users\\SemanurGokirmak\\Desktop\\GitHub\\Offline-Messaging-UI\\src\\data\\mockData.ts": {"path":"C:\\Users\\SemanurGokirmak\\Desktop\\GitHub\\Offline-Messaging-UI\\src\\data\\mockData.ts","all":false,"statementMap":{"5":{"start":{"line":6,"column":0},"end":{"line":6,"column":30}},"6":{"start":{"line":7,"column":0},"end":{"line":7,"column":5}},"7":{"start":{"line":8,"column":0},"end":{"line":8,"column":14}},"8":{"start":{"line":9,"column":0},"end":{"line":9,"column":27}},"9":{"start":{"line":10,"column":0},"end":{"line":10,"column":63}},"10":{"start":{"line":11,"column":0},"end":{"line":11,"column":56}},"11":{"start":{"line":12,"column":0},"end":{"line":12,"column":32}},"12":{"start":{"line":13,"column":0},"end":{"line":13,"column":23}},"13":{"start":{"line":14,"column":0},"end":{"line":14,"column":6}},"14":{"start":{"line":15,"column":0},"end":{"line":15,"column":5}},"15":{"start":{"line":16,"column":0},"end":{"line":16,"column":14}},"16":{"start":{"line":17,"column":0},"end":{"line":17,"column":25}},"17":{"start":{"line":18,"column":0},"end":{"line":18,"column":65}},"18":{"start":{"line":19,"column":0},"end":{"line":19,"column":25}},"19":{"start":{"line":20,"column":0},"end":{"line":20,"column":32}},"20":{"start":{"line":21,"column":0},"end":{"line":21,"column":23}},"21":{"start":{"line":22,"column":0},"end":{"line":22,"column":27}},"22":{"start":{"line":23,"column":0},"end":{"line":23,"column":6}},"23":{"start":{"line":24,"column":0},"end":{"line":24,"column":5}},"24":{"start":{"line":25,"column":0},"end":{"line":25,"column":14}},"25":{"start":{"line":26,"column":0},"end":{"line":26,"column":26}},"26":{"start":{"line":27,"column":0},"end":{"line":27,"column":63}},"27":{"start":{"line":28,"column":0},"end":{"line":28,"column":32}},"28":{"start":{"line":29,"column":0},"end":{"line":29,"column":24}},"29":{"start":{"line":30,"column":0},"end":{"line":30,"column":62}},"30":{"start":{"line":31,"column":0},"end":{"line":31,"column":6}},"31":{"start":{"line":32,"column":0},"end":{"line":32,"column":5}},"32":{"start":{"line":33,"column":0},"end":{"line":33,"column":14}},"33":{"start":{"line":34,"column":0},"end":{"line":34,"column":27}},"34":{"start":{"line":35,"column":0},"end":{"line":35,"column":65}},"35":{"start":{"line":36,"column":0},"end":{"line":36,"column":23}},"36":{"start":{"line":37,"column":0},"end":{"line":37,"column":32}},"37":{"start":{"line":38,"column":0},"end":{"line":38,"column":21}},"38":{"start":{"line":39,"column":0},"end":{"line":39,"column":6}},"39":{"start":{"line":40,"column":0},"end":{"line":40,"column":4}},"42":{"start":{"line":43,"column":0},"end":{"line":43,"column":42}},"45":{"start":{"line":46,"column":0},"end":{"line":46,"column":23}},"46":{"start":{"line":47,"column":0},"end":{"line":47,"column":14}},"47":{"start":{"line":48,"column":0},"end":{"line":48,"column":20}},"48":{"start":{"line":49,"column":0},"end":{"line":49,"column":22}},"49":{"start":{"line":50,"column":0},"end":{"line":50,"column":19}},"50":{"start":{"line":51,"column":0},"end":{"line":51,"column":18}},"51":{"start":{"line":52,"column":0},"end":{"line":52,"column":48}},"52":{"start":{"line":53,"column":0},"end":{"line":53,"column":16}},"53":{"start":{"line":54,"column":0},"end":{"line":54,"column":5}},"54":{"start":{"line":55,"column":0},"end":{"line":55,"column":11}},"55":{"start":{"line":56,"column":0},"end":{"line":56,"column":13}},"56":{"start":{"line":57,"column":0},"end":{"line":57,"column":10}},"57":{"start":{"line":58,"column":0},"end":{"line":58,"column":12}},"58":{"start":{"line":59,"column":0},"end":{"line":59,"column":9}},"59":{"start":{"line":60,"column":0},"end":{"line":60,"column":3}},"62":{"start":{"line":63,"column":0},"end":{"line":63,"column":52}},"63":{"start":{"line":64,"column":0},"end":{"line":64,"column":12}},"64":{"start":{"line":65,"column":0},"end":{"line":65,"column":94}},"65":{"start":{"line":66,"column":0},"end":{"line":66,"column":114}},"66":{"start":{"line":67,"column":0},"end":{"line":67,"column":112}},"67":{"start":{"line":68,"column":0},"end":{"line":68,"column":129}},"68":{"start":{"line":69,"column":0},"end":{"line":69,"column":114}},"69":{"start":{"line":70,"column":0},"end":{"line":70,"column":4}},"70":{"start":{"line":71,"column":0},"end":{"line":71,"column":12}},"71":{"start":{"line":72,"column":0},"end":{"line":72,"column":115}},"72":{"start":{"line":73,"column":0},"end":{"line":73,"column":113}},"73":{"start":{"line":74,"column":0},"end":{"line":74,"column":95}},"74":{"start":{"line":75,"column":0},"end":{"line":75,"column":4}},"75":{"start":{"line":76,"column":0},"end":{"line":76,"column":12}},"76":{"start":{"line":77,"column":0},"end":{"line":77,"column":98}},"77":{"start":{"line":78,"column":0},"end":{"line":78,"column":113}},"78":{"start":{"line":79,"column":0},"end":{"line":79,"column":103}},"79":{"start":{"line":80,"column":0},"end":{"line":80,"column":4}},"80":{"start":{"line":81,"column":0},"end":{"line":81,"column":2}},"83":{"start":{"line":84,"column":0},"end":{"line":84,"column":30}},"84":{"start":{"line":85,"column":0},"end":{"line":85,"column":3}},"85":{"start":{"line":86,"column":0},"end":{"line":86,"column":16}},"86":{"start":{"line":87,"column":0},"end":{"line":87,"column":29}},"87":{"start":{"line":88,"column":0},"end":{"line":88,"column":32}},"88":{"start":{"line":89,"column":0},"end":{"line":89,"column":65}},"89":{"start":{"line":90,"column":0},"end":{"line":90,"column":19}},"90":{"start":{"line":91,"column":0},"end":{"line":91,"column":4}},"91":{"start":{"line":92,"column":0},"end":{"line":92,"column":3}},"92":{"start":{"line":93,"column":0},"end":{"line":93,"column":16}},"93":{"start":{"line":94,"column":0},"end":{"line":94,"column":29}},"94":{"start":{"line":95,"column":0},"end":{"line":95,"column":32}},"95":{"start":{"line":96,"column":0},"end":{"line":96,"column":65}},"96":{"start":{"line":97,"column":0},"end":{"line":97,"column":19}},"97":{"start":{"line":98,"column":0},"end":{"line":98,"column":4}},"98":{"start":{"line":99,"column":0},"end":{"line":99,"column":3}},"99":{"start":{"line":100,"column":0},"end":{"line":100,"column":16}},"100":{"start":{"line":101,"column":0},"end":{"line":101,"column":29}},"101":{"start":{"line":102,"column":0},"end":{"line":102,"column":32}},"102":{"start":{"line":103,"column":0},"end":{"line":103,"column":65}},"103":{"start":{"line":104,"column":0},"end":{"line":104,"column":19}},"104":{"start":{"line":105,"column":0},"end":{"line":105,"column":4}},"105":{"start":{"line":106,"column":0},"end":{"line":106,"column":2}},"108":{"start":{"line":109,"column":0},"end":{"line":109,"column":70}},"109":{"start":{"line":110,"column":0},"end":{"line":110,"column":74}},"110":{"start":{"line":111,"column":0},"end":{"line":111,"column":79}},"111":{"start":{"line":112,"column":0},"end":{"line":112,"column":2}}},"s":{"5":1,"6":1,"7":1,"8":1,"9":1,"10":1,"11":1,"12":1,"13":1,"14":1,"15":1,"16":1,"17":1,"18":1,"19":1,"20":1,"21":1,"22":1,"23":1,"24":1,"25":1,"26":1,"27":1,"28":1,"29":1,"30":1,"31":1,"32":1,"33":1,"34":1,"35":1,"36":1,"37":1,"38":1,"39":1,"42":1,"45":1,"46":22,"47":22,"48":22,"49":22,"50":22,"51":22,"52":22,"53":22,"54":22,"55":22,"56":22,"57":22,"58":22,"59":22,"62":1,"63":1,"64":1,"65":1,"66":1,"67":1,"68":1,"69":1,"70":1,"71":1,"72":1,"73":1,"74":1,"75":1,"76":1,"77":1,"78":1,"79":1,"80":1,"83":1,"84":1,"85":1,"86":1,"87":1,"88":1,"89":1,"90":1,"91":1,"92":1,"93":1,"94":1,"95":1,"96":1,"97":1,"98":1,"99":1,"100":1,"101":1,"102":1,"103":1,"104":1,"105":1,"108":1,"109":21,"110":21,"111":21},"branchMap":{"0":{"type":"branch","line":46,"loc":{"start":{"line":46,"column":22},"end":{"line":60,"column":3}},"locations":[{"start":{"line":46,"column":22},"end":{"line":60,"column":3}}]},"1":{"type":"branch","line":109,"loc":{"start":{"line":109,"column":35},"end":{"line":112,"column":2}},"locations":[{"start":{"line":109,"column":35},"end":{"line":112,"column":2}}]},"2":{"type":"branch","line":111,"loc":{"start":{"line":111,"column":65},"end":{"line":111,"column":79}},"locations":[{"start":{"line":111,"column":65},"end":{"line":111,"column":79}}]},"3":{"type":"branch","line":110,"loc":{"start":{"line":110,"column":45},"end":{"line":110,"column":72}},"locations":[{"start":{"line":110,"column":45},"end":{"line":110,"column":72}}]},"4":{"type":"branch","line":111,"loc":{"start":{"line":111,"column":34},"end":{"line":111,"column":65}},"locations":[{"start":{"line":111,"column":34},"end":{"line":111,"column":65}}]}},"b":{"0":[22],"1":[21],"2":[0],"3":[42],"4":[57]},"fnMap":{"0":{"name":"createMessage","decl":{"start":{"line":46,"column":22},"end":{"line":60,"column":3}},"loc":{"start":{"line":46,"column":22},"end":{"line":60,"column":3}},"line":46},"1":{"name":"getOtherParticipant","decl":{"start":{"line":109,"column":35},"end":{"line":112,"column":2}},"loc":{"start":{"line":109,"column":35},"end":{"line":112,"column":2}},"line":109}},"f":{"0":22,"1":21}}
,"C:\\Users\\SemanurGokirmak\\Desktop\\GitHub\\Offline-Messaging-UI\\src\\layouts\\MainLayout.tsx": {"path":"C:\\Users\\SemanurGokirmak\\Desktop\\GitHub\\Offline-Messaging-UI\\src\\layouts\\MainLayout.tsx","all":false,"statementMap":{"1":{"start":{"line":2,"column":0},"end":{"line":2,"column":40}},"3":{"start":{"line":4,"column":0},"end":{"line":4,"column":75}},"5":{"start":{"line":6,"column":0},"end":{"line":6,"column":65}},"6":{"start":{"line":7,"column":0},"end":{"line":7,"column":9}},"16":{"start":{"line":17,"column":0},"end":{"line":17,"column":36}},"18":{"start":{"line":19,"column":0},"end":{"line":19,"column":68}},"21":{"start":{"line":22,"column":0},"end":{"line":22,"column":65}},"24":{"start":{"line":25,"column":0},"end":{"line":25,"column":70}},"27":{"start":{"line":28,"column":0},"end":{"line":28,"column":61}},"30":{"start":{"line":31,"column":0},"end":{"line":31,"column":60}},"33":{"start":{"line":34,"column":0},"end":{"line":34,"column":61}},"34":{"start":{"line":35,"column":0},"end":{"line":35,"column":68}},"35":{"start":{"line":36,"column":0},"end":{"line":36,"column":65}},"38":{"start":{"line":39,"column":0},"end":{"line":39,"column":79}},"41":{"start":{"line":42,"column":0},"end":{"line":42,"column":44}},"42":{"start":{"line":43,"column":0},"end":{"line":43,"column":26}},"43":{"start":{"line":44,"column":0},"end":{"line":44,"column":25}},"44":{"start":{"line":45,"column":0},"end":{"line":45,"column":4}},"47":{"start":{"line":48,"column":0},"end":{"line":48,"column":35}},"49":{"start":{"line":50,"column":0},"end":{"line":50,"column":54}},"52":{"start":{"line":53,"column":0},"end":{"line":53,"column":33}},"53":{"start":{"line":54,"column":0},"end":{"line":54,"column":63}},"54":{"start":{"line":55,"column":0},"end":{"line":55,"column":31}},"55":{"start":{"line":56,"column":0},"end":{"line":56,"column":57}},"56":{"start":{"line":57,"column":0},"end":{"line":57,"column":27}},"57":{"start":{"line":58,"column":0},"end":{"line":58,"column":28}},"58":{"start":{"line":59,"column":0},"end":{"line":59,"column":58}},"59":{"start":{"line":60,"column":0},"end":{"line":60,"column":6}},"62":{"start":{"line":63,"column":0},"end":{"line":63,"column":40}},"65":{"start":{"line":66,"column":0},"end":{"line":66,"column":77}},"67":{"start":{"line":68,"column":0},"end":{"line":68,"column":27}},"69":{"start":{"line":70,"column":0},"end":{"line":70,"column":33}},"70":{"start":{"line":71,"column":0},"end":{"line":71,"column":35}},"71":{"start":{"line":72,"column":0},"end":{"line":72,"column":68}},"72":{"start":{"line":73,"column":0},"end":{"line":73,"column":31}},"73":{"start":{"line":74,"column":0},"end":{"line":74,"column":8}},"76":{"start":{"line":77,"column":0},"end":{"line":77,"column":33}},"79":{"start":{"line":80,"column":0},"end":{"line":80,"column":25}},"80":{"start":{"line":81,"column":0},"end":{"line":81,"column":5}},"81":{"start":{"line":82,"column":0},"end":{"line":82,"column":4}},"84":{"start":{"line":85,"column":0},"end":{"line":85,"column":72}},"85":{"start":{"line":86,"column":0},"end":{"line":86,"column":28}},"86":{"start":{"line":87,"column":0},"end":{"line":87,"column":26}},"87":{"start":{"line":88,"column":0},"end":{"line":88,"column":5}},"88":{"start":{"line":89,"column":0},"end":{"line":89,"column":4}},"91":{"start":{"line":92,"column":0},"end":{"line":92,"column":30}},"92":{"start":{"line":93,"column":0},"end":{"line":93,"column":48}},"93":{"start":{"line":94,"column":0},"end":{"line":94,"column":27}},"94":{"start":{"line":95,"column":0},"end":{"line":95,"column":28}},"95":{"start":{"line":96,"column":0},"end":{"line":96,"column":13}},"96":{"start":{"line":97,"column":0},"end":{"line":97,"column":5}},"98":{"start":{"line":99,"column":0},"end":{"line":99,"column":44}},"99":{"start":{"line":100,"column":0},"end":{"line":100,"column":61}},"100":{"start":{"line":101,"column":0},"end":{"line":101,"column":51}},"101":{"start":{"line":102,"column":0},"end":{"line":102,"column":6}},"103":{"start":{"line":104,"column":0},"end":{"line":104,"column":30}},"104":{"start":{"line":105,"column":0},"end":{"line":105,"column":25}},"105":{"start":{"line":106,"column":0},"end":{"line":106,"column":4}},"108":{"start":{"line":109,"column":0},"end":{"line":109,"column":78}},"109":{"start":{"line":110,"column":0},"end":{"line":110,"column":28}},"110":{"start":{"line":111,"column":0},"end":{"line":111,"column":21}},"111":{"start":{"line":112,"column":0},"end":{"line":112,"column":5}},"112":{"start":{"line":113,"column":0},"end":{"line":113,"column":4}},"115":{"start":{"line":116,"column":0},"end":{"line":116,"column":29}},"116":{"start":{"line":117,"column":0},"end":{"line":117,"column":23}},"117":{"start":{"line":118,"column":0},"end":{"line":118,"column":25}},"118":{"start":{"line":119,"column":0},"end":{"line":119,"column":26}},"119":{"start":{"line":120,"column":0},"end":{"line":120,"column":4}},"122":{"start":{"line":123,"column":0},"end":{"line":123,"column":75}},"123":{"start":{"line":124,"column":0},"end":{"line":124,"column":35}},"125":{"start":{"line":126,"column":0},"end":{"line":126,"column":61}},"127":{"start":{"line":128,"column":0},"end":{"line":128,"column":12}},"128":{"start":{"line":129,"column":0},"end":{"line":129,"column":8}},"129":{"start":{"line":130,"column":0},"end":{"line":130,"column":36}},"130":{"start":{"line":131,"column":0},"end":{"line":131,"column":55}},"131":{"start":{"line":132,"column":0},"end":{"line":132,"column":83}},"132":{"start":{"line":133,"column":0},"end":{"line":133,"column":10}},"133":{"start":{"line":134,"column":0},"end":{"line":134,"column":9}},"135":{"start":{"line":136,"column":0},"end":{"line":136,"column":4}},"137":{"start":{"line":138,"column":0},"end":{"line":138,"column":10}},"138":{"start":{"line":139,"column":0},"end":{"line":139,"column":55}},"140":{"start":{"line":141,"column":0},"end":{"line":141,"column":56}},"141":{"start":{"line":142,"column":0},"end":{"line":142,"column":43}},"142":{"start":{"line":143,"column":0},"end":{"line":143,"column":97}},"143":{"start":{"line":144,"column":0},"end":{"line":144,"column":14}},"144":{"start":{"line":145,"column":0},"end":{"line":145,"column":83}},"146":{"start":{"line":147,"column":0},"end":{"line":147,"column":34}},"147":{"start":{"line":148,"column":0},"end":{"line":148,"column":56}},"148":{"start":{"line":149,"column":0},"end":{"line":149,"column":40}},"150":{"start":{"line":151,"column":0},"end":{"line":151,"column":20}},"151":{"start":{"line":152,"column":0},"end":{"line":152,"column":19}},"152":{"start":{"line":153,"column":0},"end":{"line":153,"column":29}},"153":{"start":{"line":154,"column":0},"end":{"line":154,"column":132}},"154":{"start":{"line":155,"column":0},"end":{"line":155,"column":45}},"155":{"start":{"line":156,"column":0},"end":{"line":156,"column":54}},"157":{"start":{"line":158,"column":0},"end":{"line":158,"column":21}},"158":{"start":{"line":159,"column":0},"end":{"line":159,"column":41}},"159":{"start":{"line":160,"column":0},"end":{"line":160,"column":38}},"160":{"start":{"line":161,"column":0},"end":{"line":161,"column":49}},"161":{"start":{"line":162,"column":0},"end":{"line":162,"column":28}},"162":{"start":{"line":163,"column":0},"end":{"line":163,"column":29}},"163":{"start":{"line":164,"column":0},"end":{"line":164,"column":18}},"164":{"start":{"line":165,"column":0},"end":{"line":165,"column":45}},"165":{"start":{"line":166,"column":0},"end":{"line":166,"column":85}},"166":{"start":{"line":167,"column":0},"end":{"line":167,"column":62}},"167":{"start":{"line":168,"column":0},"end":{"line":168,"column":42}},"168":{"start":{"line":169,"column":0},"end":{"line":169,"column":52}},"169":{"start":{"line":170,"column":0},"end":{"line":170,"column":122}},"170":{"start":{"line":171,"column":0},"end":{"line":171,"column":30}},"172":{"start":{"line":173,"column":0},"end":{"line":173,"column":24}},"173":{"start":{"line":174,"column":0},"end":{"line":174,"column":85}},"174":{"start":{"line":175,"column":0},"end":{"line":175,"column":42}},"175":{"start":{"line":176,"column":0},"end":{"line":176,"column":86}},"176":{"start":{"line":177,"column":0},"end":{"line":177,"column":111}},"177":{"start":{"line":178,"column":0},"end":{"line":178,"column":26}},"180":{"start":{"line":181,"column":0},"end":{"line":181,"column":80}},"181":{"start":{"line":182,"column":0},"end":{"line":182,"column":95}},"183":{"start":{"line":184,"column":0},"end":{"line":184,"column":24}},"184":{"start":{"line":185,"column":0},"end":{"line":185,"column":22}},"185":{"start":{"line":186,"column":0},"end":{"line":186,"column":20}},"187":{"start":{"line":188,"column":0},"end":{"line":188,"column":13}},"188":{"start":{"line":189,"column":0},"end":{"line":189,"column":14}},"189":{"start":{"line":190,"column":0},"end":{"line":190,"column":12}},"192":{"start":{"line":193,"column":0},"end":{"line":193,"column":50}},"193":{"start":{"line":194,"column":0},"end":{"line":194,"column":26}},"194":{"start":{"line":195,"column":0},"end":{"line":195,"column":12}},"195":{"start":{"line":196,"column":0},"end":{"line":196,"column":47}},"196":{"start":{"line":197,"column":0},"end":{"line":197,"column":81}},"198":{"start":{"line":199,"column":0},"end":{"line":199,"column":21}},"199":{"start":{"line":200,"column":0},"end":{"line":200,"column":56}},"200":{"start":{"line":201,"column":0},"end":{"line":201,"column":47}},"201":{"start":{"line":202,"column":0},"end":{"line":202,"column":87}},"203":{"start":{"line":204,"column":0},"end":{"line":204,"column":23}},"204":{"start":{"line":205,"column":0},"end":{"line":205,"column":69}},"205":{"start":{"line":206,"column":0},"end":{"line":206,"column":66}},"206":{"start":{"line":207,"column":0},"end":{"line":207,"column":51}},"207":{"start":{"line":208,"column":0},"end":{"line":208,"column":30}},"208":{"start":{"line":209,"column":0},"end":{"line":209,"column":31}},"209":{"start":{"line":210,"column":0},"end":{"line":210,"column":20}},"210":{"start":{"line":211,"column":0},"end":{"line":211,"column":86}},"211":{"start":{"line":212,"column":0},"end":{"line":212,"column":22}},"214":{"start":{"line":215,"column":0},"end":{"line":215,"column":59}},"216":{"start":{"line":217,"column":0},"end":{"line":217,"column":32}},"217":{"start":{"line":218,"column":0},"end":{"line":218,"column":45}},"218":{"start":{"line":219,"column":0},"end":{"line":219,"column":27}},"219":{"start":{"line":220,"column":0},"end":{"line":220,"column":32}},"220":{"start":{"line":221,"column":0},"end":{"line":221,"column":61}},"221":{"start":{"line":222,"column":0},"end":{"line":222,"column":40}},"222":{"start":{"line":223,"column":0},"end":{"line":223,"column":39}},"223":{"start":{"line":224,"column":0},"end":{"line":224,"column":68}},"224":{"start":{"line":225,"column":0},"end":{"line":225,"column":53}},"225":{"start":{"line":226,"column":0},"end":{"line":226,"column":22}},"226":{"start":{"line":227,"column":0},"end":{"line":227,"column":28}},"227":{"start":{"line":228,"column":0},"end":{"line":228,"column":64}},"228":{"start":{"line":229,"column":0},"end":{"line":229,"column":42}},"230":{"start":{"line":231,"column":0},"end":{"line":231,"column":55}},"231":{"start":{"line":232,"column":0},"end":{"line":232,"column":29}},"232":{"start":{"line":233,"column":0},"end":{"line":233,"column":28}},"233":{"start":{"line":234,"column":0},"end":{"line":234,"column":61}},"234":{"start":{"line":235,"column":0},"end":{"line":235,"column":41}},"236":{"start":{"line":237,"column":0},"end":{"line":237,"column":54}},"237":{"start":{"line":238,"column":0},"end":{"line":238,"column":29}},"238":{"start":{"line":239,"column":0},"end":{"line":239,"column":22}},"240":{"start":{"line":241,"column":0},"end":{"line":241,"column":24}},"241":{"start":{"line":242,"column":0},"end":{"line":242,"column":64}},"242":{"start":{"line":243,"column":0},"end":{"line":243,"column":56}},"244":{"start":{"line":245,"column":0},"end":{"line":245,"column":59}},"245":{"start":{"line":246,"column":0},"end":{"line":246,"column":25}},"248":{"start":{"line":249,"column":0},"end":{"line":249,"column":22}},"249":{"start":{"line":250,"column":0},"end":{"line":250,"column":20}},"252":{"start":{"line":253,"column":0},"end":{"line":253,"column":59}},"253":{"start":{"line":254,"column":0},"end":{"line":254,"column":55}},"254":{"start":{"line":255,"column":0},"end":{"line":255,"column":138}},"255":{"start":{"line":256,"column":0},"end":{"line":256,"column":22}},"257":{"start":{"line":258,"column":0},"end":{"line":258,"column":18}},"259":{"start":{"line":260,"column":0},"end":{"line":260,"column":98}},"261":{"start":{"line":262,"column":0},"end":{"line":262,"column":30}},"262":{"start":{"line":263,"column":0},"end":{"line":263,"column":44}},"263":{"start":{"line":264,"column":0},"end":{"line":264,"column":48}},"264":{"start":{"line":265,"column":0},"end":{"line":265,"column":25}},"265":{"start":{"line":266,"column":0},"end":{"line":266,"column":38}},"266":{"start":{"line":267,"column":0},"end":{"line":267,"column":107}},"268":{"start":{"line":269,"column":0},"end":{"line":269,"column":27}},"269":{"start":{"line":270,"column":0},"end":{"line":270,"column":67}},"270":{"start":{"line":271,"column":0},"end":{"line":271,"column":62}},"271":{"start":{"line":272,"column":0},"end":{"line":272,"column":54}},"272":{"start":{"line":273,"column":0},"end":{"line":273,"column":40}},"273":{"start":{"line":274,"column":0},"end":{"line":274,"column":27}},"274":{"start":{"line":275,"column":0},"end":{"line":275,"column":51}},"277":{"start":{"line":278,"column":0},"end":{"line":278,"column":69}},"278":{"start":{"line":279,"column":0},"end":{"line":279,"column":28}},"279":{"start":{"line":280,"column":0},"end":{"line":280,"column":61}},"280":{"start":{"line":281,"column":0},"end":{"line":281,"column":113}},"281":{"start":{"line":282,"column":0},"end":{"line":282,"column":28}},"282":{"start":{"line":283,"column":0},"end":{"line":283,"column":26}},"283":{"start":{"line":284,"column":0},"end":{"line":284,"column":20}},"285":{"start":{"line":286,"column":0},"end":{"line":286,"column":52}},"286":{"start":{"line":287,"column":0},"end":{"line":287,"column":88}},"287":{"start":{"line":288,"column":0},"end":{"line":288,"column":24}},"291":{"start":{"line":292,"column":0},"end":{"line":292,"column":55}},"292":{"start":{"line":293,"column":0},"end":{"line":293,"column":23}},"293":{"start":{"line":294,"column":0},"end":{"line":294,"column":36}},"294":{"start":{"line":295,"column":0},"end":{"line":295,"column":105}},"296":{"start":{"line":297,"column":0},"end":{"line":297,"column":25}},"297":{"start":{"line":298,"column":0},"end":{"line":298,"column":65}},"298":{"start":{"line":299,"column":0},"end":{"line":299,"column":60}},"299":{"start":{"line":300,"column":0},"end":{"line":300,"column":52}},"300":{"start":{"line":301,"column":0},"end":{"line":301,"column":38}},"301":{"start":{"line":302,"column":0},"end":{"line":302,"column":25}},"302":{"start":{"line":303,"column":0},"end":{"line":303,"column":49}},"304":{"start":{"line":305,"column":0},"end":{"line":305,"column":39}},"305":{"start":{"line":306,"column":0},"end":{"line":306,"column":26}},"306":{"start":{"line":307,"column":0},"end":{"line":307,"column":59}},"307":{"start":{"line":308,"column":0},"end":{"line":308,"column":111}},"308":{"start":{"line":309,"column":0},"end":{"line":309,"column":26}},"309":{"start":{"line":310,"column":0},"end":{"line":310,"column":24}},"310":{"start":{"line":311,"column":0},"end":{"line":311,"column":18}},"312":{"start":{"line":313,"column":0},"end":{"line":313,"column":18}},"315":{"start":{"line":316,"column":0},"end":{"line":316,"column":44}},"316":{"start":{"line":317,"column":0},"end":{"line":317,"column":43}},"317":{"start":{"line":318,"column":0},"end":{"line":318,"column":23}},"318":{"start":{"line":319,"column":0},"end":{"line":319,"column":30}},"319":{"start":{"line":320,"column":0},"end":{"line":320,"column":43}},"320":{"start":{"line":321,"column":0},"end":{"line":321,"column":47}},"321":{"start":{"line":322,"column":0},"end":{"line":322,"column":37}},"322":{"start":{"line":323,"column":0},"end":{"line":323,"column":66}},"323":{"start":{"line":324,"column":0},"end":{"line":324,"column":45}},"324":{"start":{"line":325,"column":0},"end":{"line":325,"column":18}},"325":{"start":{"line":326,"column":0},"end":{"line":326,"column":24}},"326":{"start":{"line":327,"column":0},"end":{"line":327,"column":45}},"327":{"start":{"line":328,"column":0},"end":{"line":328,"column":45}},"328":{"start":{"line":329,"column":0},"end":{"line":329,"column":17}},"330":{"start":{"line":331,"column":0},"end":{"line":331,"column":25}},"331":{"start":{"line":332,"column":0},"end":{"line":332,"column":20}},"332":{"start":{"line":333,"column":0},"end":{"line":333,"column":18}},"333":{"start":{"line":334,"column":0},"end":{"line":334,"column":13}},"335":{"start":{"line":336,"column":0},"end":{"line":336,"column":91}},"336":{"start":{"line":337,"column":0},"end":{"line":337,"column":78}},"337":{"start":{"line":338,"column":0},"end":{"line":338,"column":16}},"339":{"start":{"line":340,"column":0},"end":{"line":340,"column":12}},"342":{"start":{"line":343,"column":0},"end":{"line":343,"column":39}},"343":{"start":{"line":344,"column":0},"end":{"line":344,"column":56}},"344":{"start":{"line":345,"column":0},"end":{"line":345,"column":95}},"345":{"start":{"line":346,"column":0},"end":{"line":346,"column":54}},"346":{"start":{"line":347,"column":0},"end":{"line":347,"column":20}},"347":{"start":{"line":348,"column":0},"end":{"line":348,"column":36}},"348":{"start":{"line":349,"column":0},"end":{"line":349,"column":51}},"349":{"start":{"line":350,"column":0},"end":{"line":350,"column":32}},"350":{"start":{"line":351,"column":0},"end":{"line":351,"column":22}},"351":{"start":{"line":352,"column":0},"end":{"line":352,"column":16}},"352":{"start":{"line":353,"column":0},"end":{"line":353,"column":43}},"353":{"start":{"line":354,"column":0},"end":{"line":354,"column":17}},"354":{"start":{"line":355,"column":0},"end":{"line":355,"column":40}},"355":{"start":{"line":356,"column":0},"end":{"line":356,"column":37}},"356":{"start":{"line":357,"column":0},"end":{"line":357,"column":45}},"357":{"start":{"line":358,"column":0},"end":{"line":358,"column":25}},"358":{"start":{"line":359,"column":0},"end":{"line":359,"column":26}},"359":{"start":{"line":360,"column":0},"end":{"line":360,"column":14}},"360":{"start":{"line":361,"column":0},"end":{"line":361,"column":40}},"361":{"start":{"line":362,"column":0},"end":{"line":362,"column":38}},"362":{"start":{"line":363,"column":0},"end":{"line":363,"column":64}},"363":{"start":{"line":364,"column":0},"end":{"line":364,"column":59}},"364":{"start":{"line":365,"column":0},"end":{"line":365,"column":127}},"365":{"start":{"line":366,"column":0},"end":{"line":366,"column":16}},"366":{"start":{"line":367,"column":0},"end":{"line":367,"column":16}},"368":{"start":{"line":369,"column":0},"end":{"line":369,"column":40}},"369":{"start":{"line":370,"column":0},"end":{"line":370,"column":81}},"370":{"start":{"line":371,"column":0},"end":{"line":371,"column":68}},"371":{"start":{"line":372,"column":0},"end":{"line":372,"column":14}},"372":{"start":{"line":373,"column":0},"end":{"line":373,"column":40}},"373":{"start":{"line":374,"column":0},"end":{"line":374,"column":75}},"374":{"start":{"line":375,"column":0},"end":{"line":375,"column":67}},"375":{"start":{"line":376,"column":0},"end":{"line":376,"column":14}},"376":{"start":{"line":377,"column":0},"end":{"line":377,"column":14}},"378":{"start":{"line":379,"column":0},"end":{"line":379,"column":10}},"380":{"start":{"line":381,"column":0},"end":{"line":381,"column":2}},"382":{"start":{"line":383,"column":0},"end":{"line":383,"column":26}}},"s":{"1":1,"3":1,"5":1,"6":1,"16":1,"18":5,"21":5,"24":5,"27":5,"30":5,"33":5,"34":5,"35":5,"38":5,"41":5,"42":0,"43":0,"44":0,"47":5,"49":0,"52":0,"53":0,"54":0,"55":0,"56":0,"57":0,"58":0,"59":0,"62":0,"65":0,"67":0,"69":0,"70":0,"71":0,"72":0,"73":0,"76":0,"79":0,"80":0,"81":0,"84":5,"85":0,"86":0,"87":0,"88":0,"91":5,"92":0,"93":0,"94":0,"95":0,"96":0,"98":0,"99":0,"100":0,"101":0,"103":0,"104":0,"105":0,"108":5,"109":0,"110":0,"111":0,"112":0,"115":5,"116":0,"117":0,"118":0,"119":0,"122":5,"123":0,"125":0,"127":0,"128":0,"129":0,"130":0,"131":0,"132":0,"133":0,"135":0,"137":5,"138":5,"140":5,"141":5,"142":5,"143":5,"144":5,"146":5,"147":15,"148":15,"150":15,"151":15,"152":15,"153":15,"154":15,"155":15,"157":15,"158":15,"159":15,"160":15,"161":15,"162":15,"163":15,"164":15,"165":15,"166":15,"167":15,"168":15,"169":15,"170":15,"172":15,"173":15,"174":15,"175":15,"176":15,"177":15,"180":15,"181":5,"183":15,"184":15,"185":15,"187":5,"188":5,"189":5,"192":5,"193":5,"194":2,"195":2,"196":2,"198":2,"199":2,"200":2,"201":2,"203":2,"204":2,"205":2,"206":2,"207":2,"208":2,"209":2,"210":2,"211":2,"214":2,"216":2,"217":0,"218":0,"219":0,"220":0,"221":0,"222":0,"223":0,"224":0,"225":0,"226":0,"227":0,"228":0,"230":0,"231":0,"232":0,"233":0,"234":0,"236":0,"237":0,"238":0,"240":2,"241":2,"242":2,"244":2,"245":2,"248":2,"249":2,"252":2,"253":0,"254":0,"255":0,"257":2,"259":2,"261":2,"262":0,"263":0,"264":0,"265":0,"266":0,"268":0,"269":0,"270":0,"271":0,"272":0,"273":0,"274":0,"277":0,"278":0,"279":0,"280":0,"281":0,"282":0,"283":0,"285":0,"286":0,"287":0,"291":2,"292":10,"293":10,"294":10,"296":10,"297":10,"298":10,"299":4,"300":6,"301":10,"302":10,"304":10,"305":10,"306":10,"307":10,"308":10,"309":10,"310":2,"312":2,"315":2,"316":2,"317":2,"318":2,"319":2,"320":2,"321":2,"322":2,"323":2,"324":2,"325":2,"326":2,"327":2,"328":2,"330":2,"331":2,"332":2,"333":2,"335":3,"336":3,"337":3,"339":5,"342":5,"343":0,"344":0,"345":0,"346":0,"347":0,"348":0,"349":0,"350":0,"351":0,"352":0,"353":0,"354":0,"355":0,"356":0,"357":0,"358":0,"359":0,"360":0,"361":0,"362":0,"363":0,"364":0,"365":0,"366":0,"368":0,"369":0,"370":0,"371":0,"372":0,"373":0,"374":0,"375":0,"376":0,"378":5,"380":5,"382":1},"branchMap":{"0":{"type":"branch","line":17,"loc":{"start":{"line":17,"column":29},"end":{"line":381,"column":2}},"locations":[{"start":{"line":17,"column":29},"end":{"line":381,"column":2}}]},"1":{"type":"branch","line":39,"loc":{"start":{"line":39,"column":69},"end":{"line":39,"column":79}},"locations":[{"start":{"line":39,"column":69},"end":{"line":39,"column":79}}]},"2":{"type":"branch","line":194,"loc":{"start":{"line":194,"column":9},"end":{"line":334,"column":13}},"locations":[{"start":{"line":194,"column":9},"end":{"line":334,"column":13}}]},"3":{"type":"branch","line":217,"loc":{"start":{"line":217,"column":17},"end":{"line":239,"column":22}},"locations":[{"start":{"line":217,"column":17},"end":{"line":239,"column":22}}]},"4":{"type":"branch","line":253,"loc":{"start":{"line":253,"column":15},"end":{"line":253,"column":59}},"locations":[{"start":{"line":253,"column":15},"end":{"line":253,"column":59}}]},"5":{"type":"branch","line":253,"loc":{"start":{"line":253,"column":53},"end":{"line":256,"column":22}},"locations":[{"start":{"line":253,"column":53},"end":{"line":256,"column":22}}]},"6":{"type":"branch","line":262,"loc":{"start":{"line":262,"column":15},"end":{"line":288,"column":24}},"locations":[{"start":{"line":262,"column":15},"end":{"line":288,"column":24}}]},"7":{"type":"branch","line":334,"loc":{"start":{"line":334,"column":10},"end":{"line":338,"column":16}},"locations":[{"start":{"line":334,"column":10},"end":{"line":338,"column":16}}]},"8":{"type":"branch","line":343,"loc":{"start":{"line":343,"column":7},"end":{"line":343,"column":39}},"locations":[{"start":{"line":343,"column":7},"end":{"line":343,"column":39}}]},"9":{"type":"branch","line":343,"loc":{"start":{"line":343,"column":22},"end":{"line":377,"column":14}},"locations":[{"start":{"line":343,"column":22},"end":{"line":377,"column":14}}]},"10":{"type":"branch","line":39,"loc":{"start":{"line":39,"column":39},"end":{"line":39,"column":69}},"locations":[{"start":{"line":39,"column":39},"end":{"line":39,"column":69}}]},"11":{"type":"branch","line":147,"loc":{"start":{"line":147,"column":25},"end":{"line":188,"column":11}},"locations":[{"start":{"line":147,"column":25},"end":{"line":188,"column":11}}]},"12":{"type":"branch","line":149,"loc":{"start":{"line":149,"column":28},"end":{"line":149,"column":40}},"locations":[{"start":{"line":149,"column":28},"end":{"line":149,"column":40}}]},"13":{"type":"branch","line":154,"loc":{"start":{"line":154,"column":109},"end":{"line":154,"column":127}},"locations":[{"start":{"line":154,"column":109},"end":{"line":154,"column":127}}]},"14":{"type":"branch","line":154,"loc":{"start":{"line":154,"column":114},"end":{"line":154,"column":129}},"locations":[{"start":{"line":154,"column":114},"end":{"line":154,"column":129}}]},"15":{"type":"branch","line":177,"loc":{"start":{"line":177,"column":67},"end":{"line":177,"column":82}},"locations":[{"start":{"line":177,"column":67},"end":{"line":177,"column":82}}]},"16":{"type":"branch","line":177,"loc":{"start":{"line":177,"column":72},"end":{"line":177,"column":86}},"locations":[{"start":{"line":177,"column":72},"end":{"line":177,"column":86}}]},"17":{"type":"branch","line":181,"loc":{"start":{"line":181,"column":74},"end":{"line":182,"column":95}},"locations":[{"start":{"line":181,"column":74},"end":{"line":182,"column":95}}]},"18":{"type":"branch","line":156,"loc":{"start":{"line":156,"column":25},"end":{"line":156,"column":54}},"locations":[{"start":{"line":156,"column":25},"end":{"line":156,"column":54}}]},"19":{"type":"branch","line":292,"loc":{"start":{"line":292,"column":43},"end":{"line":310,"column":24}},"locations":[{"start":{"line":292,"column":43},"end":{"line":310,"column":24}}]},"20":{"type":"branch","line":295,"loc":{"start":{"line":295,"column":72},"end":{"line":295,"column":90}},"locations":[{"start":{"line":295,"column":72},"end":{"line":295,"column":90}}]},"21":{"type":"branch","line":295,"loc":{"start":{"line":295,"column":77},"end":{"line":295,"column":102}},"locations":[{"start":{"line":295,"column":77},"end":{"line":295,"column":102}}]},"22":{"type":"branch","line":299,"loc":{"start":{"line":299,"column":57},"end":{"line":300,"column":52}},"locations":[{"start":{"line":299,"column":57},"end":{"line":300,"column":52}}]},"23":{"type":"branch","line":300,"loc":{"start":{"line":300,"column":28},"end":{"line":301,"column":38}},"locations":[{"start":{"line":300,"column":28},"end":{"line":301,"column":38}}]}},"b":{"0":[5],"1":[3],"2":[2],"3":[0],"4":[0],"5":[0],"6":[0],"7":[3],"8":[0],"9":[0],"10":[11],"11":[15],"12":[0],"13":[2],"14":[13],"15":[5],"16":[10],"17":[5],"18":[2],"19":[10],"20":[4],"21":[6],"22":[4],"23":[6]},"fnMap":{"0":{"name":"MainLayout","decl":{"start":{"line":17,"column":29},"end":{"line":381,"column":2}},"loc":{"start":{"line":17,"column":29},"end":{"line":381,"column":2}},"line":17},"1":{"name":"handleUserSelect","decl":{"start":{"line":42,"column":27},"end":{"line":45,"column":4}},"loc":{"start":{"line":42,"column":27},"end":{"line":45,"column":4}},"line":42},"2":{"name":"handleSendMessage","decl":{"start":{"line":48,"column":28},"end":{"line":82,"column":4}},"loc":{"start":{"line":48,"column":28},"end":{"line":82,"column":4}},"line":48},"3":{"name":"handleKeyPress","decl":{"start":{"line":85,"column":25},"end":{"line":89,"column":4}},"loc":{"start":{"line":85,"column":25},"end":{"line":89,"column":4}},"line":85},"4":{"name":"handleSearch","decl":{"start":{"line":92,"column":23},"end":{"line":106,"column":4}},"loc":{"start":{"line":92,"column":23},"end":{"line":106,"column":4}},"line":92},"5":{"name":"handleSearchKeyPress","decl":{"start":{"line":109,"column":31},"end":{"line":113,"column":4}},"loc":{"start":{"line":109,"column":31},"end":{"line":113,"column":4}},"line":109},"6":{"name":"clearSearch","decl":{"start":{"line":116,"column":22},"end":{"line":120,"column":4}},"loc":{"start":{"line":116,"column":22},"end":{"line":120,"column":4}},"line":116},"7":{"name":"highlightText","decl":{"start":{"line":123,"column":24},"end":{"line":136,"column":4}},"loc":{"start":{"line":123,"column":24},"end":{"line":136,"column":4}},"line":123},"8":{"name":"onClick","decl":{"start":{"line":156,"column":25},"end":{"line":156,"column":54}},"loc":{"start":{"line":156,"column":25},"end":{"line":156,"column":54}},"line":156},"9":{"name":"onClick","decl":{"start":{"line":202,"column":27},"end":{"line":202,"column":87}},"loc":{"start":{"line":202,"column":27},"end":{"line":202,"column":87}},"line":202},"10":{"name":"onChange","decl":{"start":{"line":224,"column":30},"end":{"line":224,"column":68}},"loc":{"start":{"line":224,"column":30},"end":{"line":224,"column":68}},"line":224},"11":{"name":"onClick","decl":{"start":{"line":243,"column":29},"end":{"line":243,"column":56}},"loc":{"start":{"line":243,"column":29},"end":{"line":243,"column":56}},"line":243},"12":{"name":"onChange","decl":{"start":{"line":323,"column":28},"end":{"line":323,"column":66}},"loc":{"start":{"line":323,"column":28},"end":{"line":323,"column":66}},"line":323},"13":{"name":"onClick","decl":{"start":{"line":349,"column":23},"end":{"line":349,"column":51}},"loc":{"start":{"line":349,"column":23},"end":{"line":349,"column":51}},"line":349}},"f":{"0":5,"1":0,"2":0,"3":0,"4":0,"5":0,"6":0,"7":0,"8":2,"9":0,"10":0,"11":0,"12":0,"13":0}}
,"C:\\Users\\SemanurGokirmak\\Desktop\\GitHub\\Offline-Messaging-UI\\src\\types\\index.ts": {"path":"C:\\Users\\SemanurGokirmak\\Desktop\\GitHub\\Offline-Messaging-UI\\src\\types\\index.ts","all":true,"statementMap":{},"s":{},"branchMap":{"0":{"type":"branch","line":1,"loc":{"start":{"line":1,"column":784},"end":{"line":36,"column":3}},"locations":[{"start":{"line":1,"column":784},"end":{"line":36,"column":3}}]}},"b":{"0":[1]},"fnMap":{"0":{"name":"(empty-report)","decl":{"start":{"line":1,"column":784},"end":{"line":36,"column":3}},"loc":{"start":{"line":1,"column":784},"end":{"line":36,"column":3}},"line":1}},"f":{"0":1}}
}
